<?xml version="1.0" encoding="UTF-8"?>
<!-- Generated by org.testng.reporters.JUnitReportReporter -->
<testsuite hostname="Razan" failures="0" tests="8" name="homePage.myTestCases" time="1.206" errors="0" timestamp="2024-09-18T02:46:12 AST" skipped="0">
  <testcase classname="homePage.myTestCases" name="CheckTheDefaultLanguage" time="0.052"/>
  <system-out/>
  <testcase classname="homePage.myTestCases" name="CheckTheDefaultCurrency" time="0.038"/>
  <system-out/>
  <testcase classname="homePage.myTestCases" name="CheckTheContactNumbers" time="0.034"/>
  <system-out/>
  <testcase classname="homePage.myTestCases" name="CheckQitafLogo" time="0.060"/>
  <system-out/>
  <testcase classname="homePage.myTestCases" name="CheckHotelTabIsNotSelected" time="0.036"/>
  <system-out/>
  <testcase classname="homePage.myTestCases" name="CheckDepartureDate" time="0.056"/>
  <system-out/>
  <testcase classname="homePage.myTestCases" name="CheckReturnDate" time="0.032"/>
  <system-out/>
  <testcase classname="homePage.myTestCases" name="RandomlyChangeTheLanguage" time="0.898"/>
  <system-out/>
</testsuite> <!-- homePage.myTestCases -->
