<?xml version="1.0" encoding="UTF-8"?>
<!-- Generated by org.testng.reporters.JUnitReportReporter -->
<testsuite hostname="Razan" failures="0" tests="11" name="homePage.myTestCases" time="29.166" errors="0" timestamp="2024-09-19T08:13:33 AST" skipped="0">
  <testcase classname="homePage.myTestCases" name="CheckTheDefaultLanguage" time="0.204"/>
  <system-out/>
  <testcase classname="homePage.myTestCases" name="CheckTheDefaultCurrency" time="0.061"/>
  <system-out/>
  <testcase classname="homePage.myTestCases" name="CheckTheContactNumbers" time="0.075"/>
  <system-out/>
  <testcase classname="homePage.myTestCases" name="CheckQitafLogo" time="0.068"/>
  <system-out/>
  <testcase classname="homePage.myTestCases" name="CheckHotelTabIsNotSelected" time="0.047"/>
  <system-out/>
  <testcase classname="homePage.myTestCases" name="CheckDepartureAndArrivalDate" time="0.095"/>
  <system-out/>
  <testcase classname="homePage.myTestCases" name="RandomlyChangeTheLanguage" time="1.269"/>
  <system-out/>
  <testcase classname="homePage.myTestCases" name="FillHotelTab" time="2.232"/>
  <system-out/>
  <testcase classname="homePage.myTestCases" name="SelectTheNumberOfVistor" time="4.257"/>
  <system-out/>
  <testcase classname="homePage.myTestCases" name="CheckThePageFullyLoaded" time="18.678"/>
  <system-out/>
  <testcase classname="homePage.myTestCases" name="SortResultsLowestToHighestPrice" time="2.180"/>
  <system-out/>
</testsuite> <!-- homePage.myTestCases -->
