<?xml version="1.0" encoding="UTF-8"?>
<!-- Generated by org.testng.reporters.JUnitReportReporter -->
<testsuite hostname="Razan" failures="0" tests="4" name="homePage.myTestCases" time="0.166" errors="0" timestamp="2024-09-17T06:15:24 AST" skipped="0">
  <testcase classname="homePage.myTestCases" name="CheckTheDefaultLanguage" time="0.049"/>
  <system-out/>
  <testcase classname="homePage.myTestCases" name="CheckTheDefaultCurrency" time="0.038"/>
  <system-out/>
  <testcase classname="homePage.myTestCases" name="CheckTheContactNumbers" time="0.024"/>
  <system-out/>
  <testcase classname="homePage.myTestCases" name="CheckQitafLogo" time="0.055"/>
  <system-out/>
</testsuite> <!-- homePage.myTestCases -->
