<?xml version="1.0" encoding="UTF-8"?>
<!-- Generated by org.testng.reporters.JUnitReportReporter -->
<testsuite hostname="Razan" failures="0" tests="11" name="homePage.myTestCases" time="22.416" errors="0" timestamp="2024-10-05T03:04:20 AST" skipped="0">
  <testcase classname="homePage.myTestCases" name="CheckTheDefaultLanguage" time="0.048"/>
  <system-out/>
  <testcase classname="homePage.myTestCases" name="CheckTheDefaultCurrency" time="0.040"/>
  <system-out/>
  <testcase classname="homePage.myTestCases" name="CheckTheContactNumbers" time="0.035"/>
  <system-out/>
  <testcase classname="homePage.myTestCases" name="CheckQitafLogo" time="0.060"/>
  <system-out/>
  <testcase classname="homePage.myTestCases" name="CheckHotelTabIsNotSelected" time="0.032"/>
  <system-out/>
  <testcase classname="homePage.myTestCases" name="CheckDepartureAndArrivalDate" time="0.038"/>
  <system-out/>
  <testcase classname="homePage.myTestCases" name="RandomlyChangeTheLanguage" time="1.266"/>
  <system-out/>
  <testcase classname="homePage.myTestCases" name="FillHotelTab" time="2.888"/>
  <system-out/>
  <testcase classname="homePage.myTestCases" name="SelectTheNumberOfVistor" time="6.329"/>
  <system-out/>
  <testcase classname="homePage.myTestCases" name="CheckThePageFullyLoaded" time="10.417"/>
  <system-out/>
  <testcase classname="homePage.myTestCases" name="SortResultsLowestToHighestPrice" time="1.263"/>
  <system-out/>
</testsuite> <!-- homePage.myTestCases -->
